<?xml version="1.0" encoding="UTF-8"?>
<testng-results skipped="0" failed="0" ignored="0" total="2" passed="2">
  <reporter-output>
  </reporter-output>
  <suite name="Default suite" duration-ms="2340" started-at="2022-03-29T00:19:16Z" finished-at="2022-03-29T00:19:18Z">
    <groups>
    </groups>
    <test name="Default test" duration-ms="2340" started-at="2022-03-29T00:19:16Z" finished-at="2022-03-29T00:19:18Z">
      <class name="testCases.DeleteAProduct">
        <test-method status="PASS" signature="deleteAProduct()[pri:1, instance:testCases.DeleteAProduct@1ffe63b9]" name="deleteAProduct" duration-ms="1600" started-at="2022-03-29T00:19:16Z" finished-at="2022-03-29T00:19:18Z">
          <reporter-output>
          </reporter-output>
        </test-method> <!-- deleteAProduct -->
        <test-method status="PASS" signature="readOneProduct()[pri:2, instance:testCases.DeleteAProduct@1ffe63b9]" name="readOneProduct" duration-ms="726" started-at="2022-03-29T00:19:18Z" finished-at="2022-03-29T00:19:18Z">
          <reporter-output>
          </reporter-output>
        </test-method> <!-- readOneProduct -->
      </class> <!-- testCases.DeleteAProduct -->
    </test> <!-- Default test -->
  </suite> <!-- Default suite -->
</testng-results>
